<?xml version="1.0" encoding="UTF-8"?>
<!-- Generated by org.testng.reporters.JUnitReportReporter -->
<testsuite hostname="LAPTOP-RN669E11" failures="0" tests="1" name="com.actitime.testscript.AssertionEx" time="2.458" errors="0" timestamp="2023-03-18T16:08:33 IST" skipped="0">
  <testcase classname="com.actitime.testscript.AssertionEx" name="assertionEx" time="2.458"/>
  <system-out/>
</testsuite> <!-- com.actitime.testscript.AssertionEx -->
