<?xml version="1.0" encoding="UTF-8"?>
<!-- Generated by org.testng.reporters.JUnitReportReporter -->
<testsuite hostname="LAPTOP-RN669E11" failures="0" tests="6" name="com.actitime.testscript.AccountModule" time="53.444" errors="0" timestamp="2023-04-16T11:45:40 IST" skipped="0">
  <testcase classname="com.actitime.testscript.AccountModule" name="editAccount" time="6.183"/>
  <system-out>
    <![CDATA[editAccount]]>
  </system-out>
  <testcase classname="com.actitime.testscript.AccountModule" name="editAccount" time="15.992"/>
  <system-out>
    <![CDATA[editAccount]]>
  </system-out>
  <testcase classname="com.actitime.testscript.AccountModule" name="deleteAccount" time="6.394"/>
  <system-out>
    <![CDATA[deleteDelete]]>
  </system-out>
  <testcase classname="com.actitime.testscript.AccountModule" name="deleteAccount" time="11.434"/>
  <system-out>
    <![CDATA[deleteDelete]]>
  </system-out>
  <testcase classname="com.actitime.testscript.AccountModule" name="createAccount" time="7.104"/>
  <system-out>
    <![CDATA[createAccount]]>
  </system-out>
  <testcase classname="com.actitime.testscript.AccountModule" name="createAccount" time="6.337"/>
  <system-out>
    <![CDATA[createAccount]]>
  </system-out>
</testsuite> <!-- com.actitime.testscript.AccountModule -->
