<?xml version="1.0" encoding="UTF-8"?>
<!-- Generated by org.testng.reporters.JUnitReportReporter -->
<testsuite hostname="LAPTOP-RN669E11" failures="0" tests="1" name="com.actitime.testscript.CampaignModule" time="14.966" errors="0" timestamp="2023-03-19T18:30:35 IST" skipped="0">
  <testcase classname="com.actitime.testscript.CampaignModule" name="createCampaign" time="14.966"/>
  <system-out>
    <![CDATA[CreateCampaign]]>
  </system-out>
</testsuite> <!-- com.actitime.testscript.CampaignModule -->
