<?xml version="1.0" encoding="UTF-8"?>
<!-- Generated by org.testng.reporters.JUnitReportReporter -->
<testsuite hostname="LAPTOP-RN669E11" failures="0" tests="3" name="com.actitime.testscript.DemoClassForTestNG" time="0.005" errors="0" timestamp="2023-03-15T16:58:31 IST" skipped="0">
  <testcase classname="com.actitime.testscript.DemoClassForTestNG" name="ravi" time="0.001"/>
  <system-out>
    <![CDATA[he is a bad person]]>
  </system-out>
  <testcase classname="com.actitime.testscript.DemoClassForTestNG" name="demo" time="0.002"/>
  <system-out>
    <![CDATA[hello TestNG]]>
  </system-out>
  <testcase classname="com.actitime.testscript.DemoClassForTestNG" name="ammer" time="0.002"/>
  <system-out>
    <![CDATA[He is my best frd But he changed]]>
  </system-out>
</testsuite> <!-- com.actitime.testscript.DemoClassForTestNG -->
