<?xml version="1.0" encoding="UTF-8"?>
<!-- Generated by org.testng.reporters.JUnitReportReporter -->
<testsuite hostname="LAPTOP-RN669E11" failures="0" tests="1" name="com.actitime.testscript.Demo2ForListeners" time="10.605" errors="0" timestamp="2023-03-24T16:03:06 IST" skipped="0">
  <testcase classname="com.actitime.testscript.Demo2ForListeners" name="failScreenShot" time="10.605"/>
  <system-out>
    <![CDATA[Checking Listeners]]>
  </system-out>
</testsuite> <!-- com.actitime.testscript.Demo2ForListeners -->
